INFO:root:Initiated new MASTML session at: 2018-03-28, 10 hours, 54 minutes, and 34 seconds
INFO:root:Using matplotlib backend MacOSX
INFO:root:Matplotlib defaults from /Users/ryanjacobs/anaconda3/lib/python3.6/site-packages/matplotlib/mpl-data/matplotlibrc
INFO:root:MASTML is checking that the section names of your input file are valid...
INFO:root:MASTML input file section names are valid
INFO:root:MASTML is checking that the subsection names and values in your input file are valid...
INFO:root:MASTML input file subsection names are valid
INFO:root:MASTML is checking your subsection parameter values and converting the datatypes of values in your input file...
INFO:root:MASTML subsection parameter values converted to correct datatypes, and parameter keywords are valid
INFO:root:MASTML is cross-checking model and test_case names in your input file...
INFO:root:MASTML model and test_case names are valid
INFO:root:MASTML is checking that your target feature name is formatted correctly...
INFO:root:MASTML target feature name is valid
INFO:root:Successfully read in and parsed your MASTML input file, example_input.conf
INFO:root:Creating data dict for data path ./basic_test_data.csv and data name Initial
INFO:root:Feature Generation: False
INFO:root:Feature Normalization (x_features): False
INFO:root:Feature Normalization (y_feature): False
INFO:root:Feature Selection: False
INFO:root:Parsed the input data located under ./basic_test_data.csv
INFO:root:Getting model gkrr_model_regressor
INFO:root:got y_feature y_feature_regression
INFO:root:model type gkrr_model_regressor
INFO:root:doing regression on y_feature_regression
INFO:root:Adding model gkrr_model_regressor to queue...
INFO:root:Looking up parameters for test type SingleFit_example
INFO:root:on test SingleFit_example
INFO:root:-------- SingleFit_example_KernelRidge0_y_feature_regression --------
INFO:root:Starting analysis at Wed Mar 28 10:54:34 2018
INFO:root:SingleFit.set_up took 00:00:0.000017
INFO:root:SingleFit.fit took 00:00:0.246677
INFO:root:SingleFit.predict took 00:00:0.417885
INFO:root:SingleFit.plot took 00:00:0.301741
INFO:root:SingleFit.print_readme took 00:00:0.000295
INFO:root:SingleFit.run took 00:00:0.967101
INFO:root:Ran test SingleFit_example for your KernelRidge(alpha=0.00301995172, coef0=1.0, degree=3, gamma=3.467368504525,
      kernel='rbf', kernel_params=None) model
INFO:root:Your MASTML runs have completed successfully! Wrapping up MASTML session...
